2025-08-14 10:46:33 [main] INFO  RegistrationTest:47 - <-----------Test Case Execution Started------------->
2025-08-14 10:46:33 [main] INFO  ConfigReader:19 - Configuration loaded successfully.
2025-08-14 10:46:33 [main] INFO  ConfigReader:43 - Property read from config: [execution_env = local]
2025-08-14 10:46:33 [main] INFO  RegistrationTest:50 - Execution environment: local
2025-08-14 10:46:36 [main] INFO  RegistrationTest:99 - Started local WebDriver: edge
2025-08-14 10:46:36 [main] INFO  ConfigReader:43 - Property read from config: [baseURL = https://tutorialsninja.com/demo/]
2025-08-14 10:46:37 [main] INFO  RegistrationTest:113 - Navigated to: https://tutorialsninja.com/demo/
2025-08-14 10:46:37 [main] INFO  RegistrationTest:16 - *********Starting Account Registration*******
2025-08-14 10:46:37 [main] INFO  RegistrationTest:19 - Home Page Loaded
2025-08-14 10:46:37 [main] INFO  RegistrationTest:20 - Clicking on My Account link
2025-08-14 10:46:38 [main] INFO  RegistrationTest:22 - Clicking on Register link
2025-08-14 10:46:39 [main] INFO  RegistrationTest:25 - Registration Page Loaded
2025-08-14 10:46:39 [main] INFO  RegistrationTest:26 - Registering user with required details
2025-08-14 10:46:41 [main] INFO  RegistrationTest:29 - Confirmation Message: Your Account Has Been Created!
2025-08-14 10:46:41 [main] INFO  RegistrationTest:30 - Clicking on My Account to Logout
2025-08-14 10:46:42 [main] INFO  RegistrationTest:33 - Validating expected confirmation message
2025-08-14 10:46:42 [main] INFO  RegistrationTest:40 - ********* Account Registration Test Completed *********
2025-08-14 10:46:42 [main] INFO  RegistrationTest:118 - Closing the browser.
2025-08-14 10:46:42 [main] INFO  RegistrationTest:123 - <-----------Test Case Execution Finished------------->
2025-08-14 10:46:42 [main] INFO  LoginTest:47 - <-----------Test Case Execution Started------------->
2025-08-14 10:46:42 [main] INFO  ConfigReader:19 - Configuration loaded successfully.
2025-08-14 10:46:42 [main] INFO  ConfigReader:43 - Property read from config: [execution_env = local]
2025-08-14 10:46:42 [main] INFO  LoginTest:50 - Execution environment: local
2025-08-14 10:46:44 [main] INFO  LoginTest:99 - Started local WebDriver: edge
2025-08-14 10:46:44 [main] INFO  ConfigReader:43 - Property read from config: [baseURL = https://tutorialsninja.com/demo/]
2025-08-14 10:46:44 [main] INFO  LoginTest:113 - Navigated to: https://tutorialsninja.com/demo/
2025-08-14 10:46:45 [main] INFO  LoginTest:30 - ********Starting User Login Test *******
2025-08-14 10:46:45 [main] INFO  LoginTest:32 - Navigating to Login Page via My Account
2025-08-14 10:46:47 [main] INFO  LoginTest:35 - Logging in user with valid credentials
2025-08-14 10:46:47 [main] INFO  ConfigReader:43 - Property read from config: [email = abc123@gmail.com]
2025-08-14 10:46:47 [main] INFO  ConfigReader:41 - Property read from config: [password = ******]
2025-08-14 10:46:48 [main] INFO  LoginTest:39 - Asserting My Account page reached after login
2025-08-14 10:46:48 [main] INFO  LoginTest:41 - Logging out the user
2025-08-14 10:46:49 [main] INFO  LoginTest:118 - Closing the browser.
2025-08-14 10:46:49 [main] INFO  LoginTest:123 - <-----------Test Case Execution Finished------------->
2025-08-14 10:48:39 [main] INFO  RegistrationTest:47 - <-----------Test Case Execution Started------------->
2025-08-14 10:48:39 [main] INFO  ConfigReader:19 - Configuration loaded successfully.
2025-08-14 10:48:39 [main] INFO  ConfigReader:43 - Property read from config: [execution_env = local]
2025-08-14 10:48:39 [main] INFO  RegistrationTest:50 - Execution environment: local
2025-08-14 10:48:44 [main] INFO  RegistrationTest:99 - Started local WebDriver: edge
2025-08-14 10:48:45 [main] INFO  ConfigReader:43 - Property read from config: [baseURL = https://tutorialsninja.com/demo/]
2025-08-14 10:48:47 [main] INFO  RegistrationTest:113 - Navigated to: https://tutorialsninja.com/demo/
2025-08-14 10:48:47 [main] INFO  RegistrationTest:16 - *********Starting Account Registration*******
2025-08-14 10:48:47 [main] INFO  RegistrationTest:19 - Home Page Loaded
2025-08-14 10:48:47 [main] INFO  RegistrationTest:20 - Clicking on My Account link
2025-08-14 10:48:48 [main] INFO  RegistrationTest:22 - Clicking on Register link
2025-08-14 10:48:51 [main] INFO  RegistrationTest:25 - Registration Page Loaded
2025-08-14 10:48:51 [main] INFO  RegistrationTest:26 - Registering user with required details
2025-08-14 10:48:58 [main] INFO  RegistrationTest:29 - Confirmation Message: Your Account Has Been Created!
2025-08-14 10:48:58 [main] INFO  RegistrationTest:30 - Clicking on My Account to Logout
2025-08-14 10:48:59 [main] INFO  RegistrationTest:33 - Validating expected confirmation message
2025-08-14 10:48:59 [main] INFO  RegistrationTest:40 - ********* Account Registration Test Completed *********
2025-08-14 10:48:59 [main] INFO  RegistrationTest:118 - Closing the browser.
2025-08-14 10:49:03 [main] INFO  RegistrationTest:123 - <-----------Test Case Execution Finished------------->
2025-08-14 10:49:03 [main] INFO  LoginTest:47 - <-----------Test Case Execution Started------------->
2025-08-14 10:49:03 [main] INFO  ConfigReader:19 - Configuration loaded successfully.
2025-08-14 10:49:03 [main] INFO  ConfigReader:43 - Property read from config: [execution_env = local]
2025-08-14 10:49:03 [main] INFO  LoginTest:50 - Execution environment: local
2025-08-14 10:49:05 [main] INFO  LoginTest:99 - Started local WebDriver: edge
2025-08-14 10:49:05 [main] INFO  ConfigReader:43 - Property read from config: [baseURL = https://tutorialsninja.com/demo/]
2025-08-14 10:49:06 [main] INFO  LoginTest:113 - Navigated to: https://tutorialsninja.com/demo/
2025-08-14 10:49:07 [main] INFO  LoginTest:30 - ********Starting User Login Test *******
2025-08-14 10:49:07 [main] INFO  LoginTest:32 - Navigating to Login Page via My Account
2025-08-14 10:49:08 [main] INFO  LoginTest:35 - Logging in user with valid credentials
2025-08-14 10:49:08 [main] INFO  ConfigReader:43 - Property read from config: [email = abc123@gmail.com]
2025-08-14 10:49:09 [main] INFO  ConfigReader:41 - Property read from config: [password = ******]
2025-08-14 10:49:12 [main] INFO  LoginTest:39 - Asserting My Account page reached after login
2025-08-14 10:49:12 [main] INFO  LoginTest:41 - Logging out the user
2025-08-14 10:49:14 [main] INFO  LoginTest:118 - Closing the browser.
2025-08-14 10:49:15 [main] INFO  LoginTest:123 - <-----------Test Case Execution Finished------------->
2025-08-14 11:03:19 [main] INFO  RegistrationTest:47 - <-----------Test Case Execution Started------------->
2025-08-14 11:03:19 [main] INFO  ConfigReader:19 - Configuration loaded successfully.
2025-08-14 11:03:19 [main] INFO  ConfigReader:43 - Property read from config: [execution_env = local]
2025-08-14 11:03:19 [main] INFO  RegistrationTest:50 - Execution environment: local
2025-08-14 11:03:21 [main] INFO  RegistrationTest:99 - Started local WebDriver: edge
2025-08-14 11:03:21 [main] INFO  ConfigReader:43 - Property read from config: [baseURL = https://tutorialsninja.com/demo/]
2025-08-14 11:03:22 [main] INFO  RegistrationTest:113 - Navigated to: https://tutorialsninja.com/demo/
2025-08-14 11:03:22 [main] INFO  RegistrationTest:16 - *********Starting Account Registration*******
2025-08-14 11:03:22 [main] INFO  RegistrationTest:19 - Home Page Loaded
2025-08-14 11:03:22 [main] INFO  RegistrationTest:20 - Clicking on My Account link
2025-08-14 11:03:23 [main] INFO  RegistrationTest:22 - Clicking on Register link
2025-08-14 11:03:24 [main] INFO  RegistrationTest:25 - Registration Page Loaded
2025-08-14 11:03:24 [main] INFO  RegistrationTest:26 - Registering user with required details
2025-08-14 11:03:27 [main] INFO  RegistrationTest:29 - Confirmation Message: Your Account Has Been Created!
2025-08-14 11:03:27 [main] INFO  RegistrationTest:30 - Clicking on My Account to Logout
2025-08-14 11:03:28 [main] INFO  RegistrationTest:33 - Validating expected confirmation message
2025-08-14 11:03:28 [main] INFO  RegistrationTest:40 - ********* Account Registration Test Completed *********
2025-08-14 11:03:28 [main] INFO  RegistrationTest:118 - Closing the browser.
2025-08-14 11:03:28 [main] INFO  RegistrationTest:123 - <-----------Test Case Execution Finished------------->
2025-08-14 11:03:28 [main] INFO  LoginTest:47 - <-----------Test Case Execution Started------------->
2025-08-14 11:03:28 [main] INFO  ConfigReader:19 - Configuration loaded successfully.
2025-08-14 11:03:28 [main] INFO  ConfigReader:43 - Property read from config: [execution_env = local]
2025-08-14 11:03:28 [main] INFO  LoginTest:50 - Execution environment: local
2025-08-14 11:03:30 [main] INFO  LoginTest:99 - Started local WebDriver: edge
2025-08-14 11:03:30 [main] INFO  ConfigReader:43 - Property read from config: [baseURL = https://tutorialsninja.com/demo/]
2025-08-14 11:03:31 [main] INFO  LoginTest:113 - Navigated to: https://tutorialsninja.com/demo/
2025-08-14 11:03:31 [main] INFO  LoginTest:30 - ********Starting User Login Test *******
2025-08-14 11:03:31 [main] INFO  LoginTest:32 - Navigating to Login Page via My Account
2025-08-14 11:03:32 [main] INFO  LoginTest:35 - Logging in user with valid credentials
2025-08-14 11:03:32 [main] INFO  ConfigReader:43 - Property read from config: [email = abc123@gmail.com]
2025-08-14 11:03:33 [main] INFO  ConfigReader:41 - Property read from config: [password = ******]
2025-08-14 11:03:34 [main] INFO  LoginTest:39 - Asserting My Account page reached after login
2025-08-14 11:03:34 [main] INFO  LoginTest:41 - Logging out the user
2025-08-14 11:03:34 [main] INFO  LoginTest:118 - Closing the browser.
2025-08-14 11:03:35 [main] INFO  LoginTest:123 - <-----------Test Case Execution Finished------------->
2025-08-14 11:08:01 [main] INFO  RegistrationTest:47 - <-----------Test Case Execution Started------------->
2025-08-14 11:08:01 [main] INFO  ConfigReader:19 - Configuration loaded successfully.
2025-08-14 11:08:01 [main] INFO  ConfigReader:43 - Property read from config: [execution_env = local]
2025-08-14 11:08:01 [main] INFO  RegistrationTest:50 - Execution environment: local
2025-08-14 11:08:03 [main] INFO  RegistrationTest:99 - Started local WebDriver: edge
2025-08-14 11:08:03 [main] INFO  ConfigReader:43 - Property read from config: [baseURL = https://tutorialsninja.com/demo/]
2025-08-14 11:08:07 [main] INFO  RegistrationTest:113 - Navigated to: https://tutorialsninja.com/demo/
2025-08-14 11:08:07 [main] INFO  RegistrationTest:16 - *********Starting Account Registration*******
2025-08-14 11:08:07 [main] INFO  RegistrationTest:19 - Home Page Loaded
2025-08-14 11:08:07 [main] INFO  RegistrationTest:20 - Clicking on My Account link
2025-08-14 11:08:07 [main] INFO  RegistrationTest:22 - Clicking on Register link
2025-08-14 11:08:07 [main] INFO  RegistrationTest:25 - Registration Page Loaded
2025-08-14 11:08:07 [main] INFO  RegistrationTest:26 - Registering user with required details
2025-08-14 11:08:10 [main] INFO  RegistrationTest:29 - Confirmation Message: Your Account Has Been Created!
2025-08-14 11:08:10 [main] INFO  RegistrationTest:30 - Clicking on My Account to Logout
2025-08-14 11:08:10 [main] INFO  RegistrationTest:33 - Validating expected confirmation message
2025-08-14 11:08:10 [main] INFO  RegistrationTest:40 - ********* Account Registration Test Completed *********
2025-08-14 11:08:10 [main] INFO  RegistrationTest:118 - Closing the browser.
2025-08-14 11:08:11 [main] INFO  RegistrationTest:123 - <-----------Test Case Execution Finished------------->
2025-08-14 11:08:11 [main] INFO  LoginTest:47 - <-----------Test Case Execution Started------------->
2025-08-14 11:08:11 [main] INFO  ConfigReader:19 - Configuration loaded successfully.
2025-08-14 11:08:11 [main] INFO  ConfigReader:43 - Property read from config: [execution_env = local]
2025-08-14 11:08:11 [main] INFO  LoginTest:50 - Execution environment: local
2025-08-14 11:08:12 [main] INFO  LoginTest:99 - Started local WebDriver: edge
2025-08-14 11:08:12 [main] INFO  ConfigReader:43 - Property read from config: [baseURL = https://tutorialsninja.com/demo/]
2025-08-14 11:08:13 [main] INFO  LoginTest:113 - Navigated to: https://tutorialsninja.com/demo/
2025-08-14 11:08:13 [main] INFO  LoginTest:30 - ********Starting User Login Test *******
2025-08-14 11:08:13 [main] INFO  LoginTest:32 - Navigating to Login Page via My Account
2025-08-14 11:08:14 [main] INFO  LoginTest:35 - Logging in user with valid credentials
2025-08-14 11:08:14 [main] INFO  ConfigReader:43 - Property read from config: [email = abc123@gmail.com]
2025-08-14 11:08:14 [main] INFO  ConfigReader:41 - Property read from config: [password = ******]
2025-08-14 11:08:14 [main] INFO  LoginTest:39 - Asserting My Account page reached after login
2025-08-14 11:08:15 [main] INFO  LoginTest:41 - Logging out the user
2025-08-14 11:08:16 [main] INFO  LoginTest:118 - Closing the browser.
2025-08-14 11:08:16 [main] INFO  LoginTest:123 - <-----------Test Case Execution Finished------------->
2025-08-14 11:54:12 [main] INFO  Utils:112 - [TestNG] Running:
  C:\Users\Chiranjeevi\Desktop\Selenium_Youtube\OpenCartV1\master.xml

2025-08-14 11:54:12 [main] INFO  RegistrationTest:47 - <-----------Test Case Execution Started------------->
2025-08-14 11:54:12 [main] INFO  ConfigReader:19 - Configuration loaded successfully.
2025-08-14 11:54:12 [main] INFO  ConfigReader:43 - Property read from config: [execution_env = local]
2025-08-14 11:54:12 [main] INFO  RegistrationTest:50 - Execution environment: local
2025-08-14 11:54:15 [main] INFO  RegistrationTest:99 - Started local WebDriver: edge
2025-08-14 11:54:16 [main] INFO  ConfigReader:43 - Property read from config: [baseURL = https://tutorialsninja.com/demo/]
2025-08-14 11:54:18 [main] INFO  RegistrationTest:113 - Navigated to: https://tutorialsninja.com/demo/
2025-08-14 11:54:18 [main] INFO  RegistrationTest:16 - *********Starting Account Registration*******
2025-08-14 11:54:18 [main] INFO  RegistrationTest:19 - Home Page Loaded
2025-08-14 11:54:18 [main] INFO  RegistrationTest:20 - Clicking on My Account link
2025-08-14 11:54:18 [main] INFO  RegistrationTest:22 - Clicking on Register link
2025-08-14 11:54:19 [main] INFO  RegistrationTest:25 - Registration Page Loaded
2025-08-14 11:54:19 [main] INFO  RegistrationTest:26 - Registering user with required details
2025-08-14 11:54:21 [main] INFO  RegistrationTest:29 - Confirmation Message: Your Account Has Been Created!
2025-08-14 11:54:21 [main] INFO  RegistrationTest:30 - Clicking on My Account to Logout
2025-08-14 11:54:22 [main] INFO  RegistrationTest:33 - Validating expected confirmation message
2025-08-14 11:54:22 [main] INFO  RegistrationTest:40 - ********* Account Registration Test Completed *********
2025-08-14 11:54:22 [main] INFO  RegistrationTest:118 - Closing the browser.
2025-08-14 11:54:22 [main] INFO  RegistrationTest:123 - <-----------Test Case Execution Finished------------->
2025-08-14 11:54:22 [main] INFO  LoginTest:47 - <-----------Test Case Execution Started------------->
2025-08-14 11:54:22 [main] INFO  ConfigReader:19 - Configuration loaded successfully.
2025-08-14 11:54:22 [main] INFO  ConfigReader:43 - Property read from config: [execution_env = local]
2025-08-14 11:54:22 [main] INFO  LoginTest:50 - Execution environment: local
2025-08-14 11:54:24 [main] INFO  LoginTest:99 - Started local WebDriver: edge
2025-08-14 11:54:25 [main] INFO  ConfigReader:43 - Property read from config: [baseURL = https://tutorialsninja.com/demo/]
2025-08-14 11:54:25 [main] INFO  LoginTest:113 - Navigated to: https://tutorialsninja.com/demo/
2025-08-14 11:54:25 [main] INFO  LoginTest:30 - ********Starting User Login Test *******
2025-08-14 11:54:25 [main] INFO  LoginTest:32 - Navigating to Login Page via My Account
2025-08-14 11:54:27 [main] INFO  LoginTest:35 - Logging in user with valid credentials
2025-08-14 11:54:27 [main] INFO  ConfigReader:43 - Property read from config: [email = abc123@gmail.com]
2025-08-14 11:54:27 [main] INFO  ConfigReader:41 - Property read from config: [password = ******]
2025-08-14 11:54:28 [main] INFO  LoginTest:39 - Asserting My Account page reached after login
2025-08-14 11:54:28 [main] INFO  LoginTest:41 - Logging out the user
2025-08-14 11:54:29 [main] INFO  LoginTest:118 - Closing the browser.
2025-08-14 11:54:29 [main] INFO  LoginTest:123 - <-----------Test Case Execution Finished------------->
2025-08-14 11:55:03 [main] INFO  Utils:112 - [TestNG] Running:
  C:\Users\Chiranjeevi\Desktop\Selenium_Youtube\OpenCartV1\crossbrowser.xml

2025-08-14 11:55:04 [main] INFO  RegistrationTest:47 - <-----------Test Case Execution Started------------->
2025-08-14 11:55:04 [main] INFO  ConfigReader:19 - Configuration loaded successfully.
2025-08-14 11:55:04 [main] INFO  ConfigReader:43 - Property read from config: [execution_env = local]
2025-08-14 11:55:04 [main] INFO  RegistrationTest:50 - Execution environment: local
2025-08-14 11:55:09 [main] INFO  RegistrationTest:99 - Started local WebDriver: firefox
2025-08-14 11:55:09 [main] INFO  ConfigReader:43 - Property read from config: [baseURL = https://tutorialsninja.com/demo/]
2025-08-14 11:55:10 [main] INFO  RegistrationTest:113 - Navigated to: https://tutorialsninja.com/demo/
2025-08-14 11:55:10 [main] INFO  RegistrationTest:16 - *********Starting Account Registration*******
2025-08-14 11:55:10 [main] INFO  RegistrationTest:19 - Home Page Loaded
2025-08-14 11:55:10 [main] INFO  RegistrationTest:20 - Clicking on My Account link
2025-08-14 11:55:11 [main] ERROR RegistrationTest:37 - Test failed due to exception: 
org.openqa.selenium.WebDriverException: Failed to decode response from marionette
Build info: version: '4.33.0', revision: '2c6aaad03a'
System info: os.name: 'Windows 11', os.arch: 'amd64', os.version: '10.0', java.version: '23.0.2'
Driver info: org.openqa.selenium.firefox.FirefoxDriver
Command: [a684d5cc-3747-4cac-a63a-a3087bb7107f, findElement {using=xpath, value=//span[normalize-space()='My Account']}]
Capabilities {acceptInsecureCerts: true, browserName: firefox, browserVersion: 141.0.3, moz:accessibilityChecks: false, moz:buildID: 20250806102122, moz:geckodriverVersion: 0.36.0, moz:headless: false, moz:platformVersion: 10.0, moz:processID: 14104, moz:profile: C:\Users\CHIRAN~1\AppData\L..., moz:shutdownTimeout: 60000, moz:webdriverClick: true, moz:windowless: false, pageLoadStrategy: normal, platformName: windows, proxy: Proxy(), setWindowRect: true, strictFileInteractability: false, timeouts: {implicit: 0, pageLoad: 300000, script: 30000}, unhandledPromptBehavior: dismiss and notify, userAgent: Mozilla/5.0 (Windows NT 10....}
Session ID: a684d5cc-3747-4cac-a63a-a3087bb7107f
	at java.base/jdk.internal.reflect.DirectConstructorHandleAccessor.newInstance(DirectConstructorHandleAccessor.java:62)
	at java.base/java.lang.reflect.Constructor.newInstanceWithCaller(Constructor.java:501)
	at java.base/java.lang.reflect.Constructor.newInstance(Constructor.java:485)
	at org.openqa.selenium.remote.ErrorCodec.decode(ErrorCodec.java:167)
	at org.openqa.selenium.remote.codec.w3c.W3CHttpResponseCodec.decode(W3CHttpResponseCodec.java:138)
	at org.openqa.selenium.remote.codec.w3c.W3CHttpResponseCodec.decode(W3CHttpResponseCodec.java:50)
	at org.openqa.selenium.remote.HttpCommandExecutor.execute(HttpCommandExecutor.java:215)
	at org.openqa.selenium.remote.service.DriverCommandExecutor.invokeExecute(DriverCommandExecutor.java:216)
	at org.openqa.selenium.remote.service.DriverCommandExecutor.execute(DriverCommandExecutor.java:174)
	at org.openqa.selenium.remote.RemoteWebDriver.execute(RemoteWebDriver.java:544)
	at org.openqa.selenium.remote.ElementLocation$ElementFinder$2.findElement(ElementLocation.java:165)
	at org.openqa.selenium.remote.ElementLocation.findElement(ElementLocation.java:59)
	at org.openqa.selenium.remote.RemoteWebDriver.findElement(RemoteWebDriver.java:367)
	at org.openqa.selenium.remote.RemoteWebDriver.findElement(RemoteWebDriver.java:361)
	at org.openqa.selenium.support.pagefactory.DefaultElementLocator.findElement(DefaultElementLocator.java:68)
	at org.openqa.selenium.support.pagefactory.internal.LocatingElementHandler.invoke(LocatingElementHandler.java:38)
	at jdk.proxy2/jdk.proxy2.$Proxy30.isDisplayed(Unknown Source)
	at org.openqa.selenium.support.ui.ExpectedConditions.elementIfVisible(ExpectedConditions.java:304)
	at org.openqa.selenium.support.ui.ExpectedConditions$10.apply(ExpectedConditions.java:290)
	at org.openqa.selenium.support.ui.ExpectedConditions$10.apply(ExpectedConditions.java:287)
	at org.openqa.selenium.support.ui.ExpectedConditions$23.apply(ExpectedConditions.java:656)
	at org.openqa.selenium.support.ui.ExpectedConditions$23.apply(ExpectedConditions.java:652)
	at org.openqa.selenium.support.ui.FluentWait.until(FluentWait.java:203)
	at com.infosys.opencart.utils.WaitUtil.waitForElementClickable(WaitUtil.java:21)
	at com.infosys.opencart.pages.HomePage.clickMyAccount(HomePage.java:27)
	at com.infosys.opencart.tests.RegistrationTest.valid_Account_registration_test(RegistrationTest.java:21)
	at java.base/jdk.internal.reflect.DirectMethodHandleAccessor.invoke(DirectMethodHandleAccessor.java:103)
	at java.base/java.lang.reflect.Method.invoke(Method.java:580)
	at org.testng.internal.invokers.MethodInvocationHelper.invokeMethod(MethodInvocationHelper.java:141)
	at org.testng.internal.invokers.TestInvoker.invokeMethod(TestInvoker.java:686)
	at org.testng.internal.invokers.TestInvoker.invokeTestMethod(TestInvoker.java:230)
	at org.testng.internal.invokers.MethodRunner.runInSequence(MethodRunner.java:63)
	at org.testng.internal.invokers.TestInvoker$MethodInvocationAgent.invoke(TestInvoker.java:992)
	at org.testng.internal.invokers.TestInvoker.invokeTestMethods(TestInvoker.java:203)
	at org.testng.internal.invokers.TestMethodWorker.invokeTestMethods(TestMethodWorker.java:154)
	at org.testng.internal.invokers.TestMethodWorker.run(TestMethodWorker.java:134)
	at java.base/java.util.ArrayList.forEach(ArrayList.java:1597)
	at org.testng.TestRunner.privateRun(TestRunner.java:739)
	at org.testng.TestRunner.run(TestRunner.java:614)
	at org.testng.SuiteRunner.runTest(SuiteRunner.java:421)
	at org.testng.SuiteRunner.runSequentially(SuiteRunner.java:413)
	at org.testng.SuiteRunner.privateRun(SuiteRunner.java:373)
	at org.testng.SuiteRunner.run(SuiteRunner.java:312)
	at org.testng.SuiteRunnerWorker.runSuite(SuiteRunnerWorker.java:52)
	at org.testng.SuiteRunnerWorker.run(SuiteRunnerWorker.java:95)
	at org.testng.TestNG.runSuitesSequentially(TestNG.java:1274)
	at org.testng.TestNG.runSuitesLocally(TestNG.java:1208)
	at org.testng.TestNG.runSuites(TestNG.java:1112)
	at org.testng.TestNG.run(TestNG.java:1079)
	at com.intellij.rt.testng.IDEARemoteTestNG.run(IDEARemoteTestNG.java:65)
	at com.intellij.rt.testng.RemoteTestNGStarter.main(RemoteTestNGStarter.java:105)
2025-08-14 11:55:11 [main] INFO  RegistrationTest:118 - Closing the browser.
2025-08-14 11:55:11 [main] INFO  RegistrationTest:47 - <-----------Test Case Execution Started------------->
2025-08-14 11:55:11 [main] INFO  ConfigReader:19 - Configuration loaded successfully.
2025-08-14 11:55:11 [main] INFO  ConfigReader:43 - Property read from config: [execution_env = local]
2025-08-14 11:55:11 [main] INFO  RegistrationTest:50 - Execution environment: local
2025-08-14 11:59:58 [main] INFO  Utils:112 - [TestNG] Running:
  C:\Users\Chiranjeevi\Desktop\Selenium_Youtube\OpenCartV1\master.xml

2025-08-14 11:59:59 [main] INFO  RegistrationTest:47 - <-----------Test Case Execution Started------------->
2025-08-14 11:59:59 [main] INFO  ConfigReader:19 - Configuration loaded successfully.
2025-08-14 11:59:59 [main] INFO  ConfigReader:43 - Property read from config: [execution_env = local]
2025-08-14 11:59:59 [main] INFO  RegistrationTest:50 - Execution environment: local
2025-08-14 12:00:02 [main] INFO  RegistrationTest:99 - Started local WebDriver: edge
2025-08-14 12:00:02 [main] INFO  ConfigReader:43 - Property read from config: [baseURL = https://tutorialsninja.com/demo/]
2025-08-14 12:00:05 [main] INFO  RegistrationTest:113 - Navigated to: https://tutorialsninja.com/demo/
2025-08-14 12:00:05 [main] INFO  RegistrationTest:16 - *********Starting Account Registration*******
2025-08-14 12:00:05 [main] INFO  RegistrationTest:19 - Home Page Loaded
2025-08-14 12:00:05 [main] INFO  RegistrationTest:20 - Clicking on My Account link
2025-08-14 12:00:05 [main] INFO  RegistrationTest:22 - Clicking on Register link
2025-08-14 12:00:06 [main] INFO  RegistrationTest:25 - Registration Page Loaded
2025-08-14 12:00:06 [main] INFO  RegistrationTest:26 - Registering user with required details
2025-08-14 12:00:08 [main] INFO  RegistrationTest:29 - Confirmation Message: Your Account Has Been Created!
2025-08-14 12:00:08 [main] INFO  RegistrationTest:30 - Clicking on My Account to Logout
2025-08-14 12:00:09 [main] INFO  RegistrationTest:33 - Validating expected confirmation message
2025-08-14 12:00:09 [main] INFO  RegistrationTest:40 - ********* Account Registration Test Completed *********
2025-08-14 12:00:09 [main] INFO  RegistrationTest:118 - Closing the browser.
2025-08-14 12:00:10 [main] INFO  RegistrationTest:123 - <-----------Test Case Execution Finished------------->
2025-08-14 12:00:10 [main] INFO  LoginTest:47 - <-----------Test Case Execution Started------------->
2025-08-14 12:00:10 [main] INFO  ConfigReader:19 - Configuration loaded successfully.
2025-08-14 12:00:10 [main] INFO  ConfigReader:43 - Property read from config: [execution_env = local]
2025-08-14 12:00:10 [main] INFO  LoginTest:50 - Execution environment: local
2025-08-14 12:00:11 [main] INFO  LoginTest:99 - Started local WebDriver: edge
2025-08-14 12:00:11 [main] INFO  ConfigReader:43 - Property read from config: [baseURL = https://tutorialsninja.com/demo/]
2025-08-14 12:00:12 [main] INFO  LoginTest:113 - Navigated to: https://tutorialsninja.com/demo/
2025-08-14 12:00:12 [main] INFO  LoginTest:30 - ********Starting User Login Test *******
2025-08-14 12:00:12 [main] INFO  LoginTest:32 - Navigating to Login Page via My Account
2025-08-14 12:00:13 [main] INFO  LoginTest:35 - Logging in user with valid credentials
2025-08-14 12:00:13 [main] INFO  ConfigReader:43 - Property read from config: [email = abc123@gmail.com]
2025-08-14 12:00:13 [main] INFO  ConfigReader:41 - Property read from config: [password = ******]
2025-08-14 12:00:14 [main] INFO  LoginTest:39 - Asserting My Account page reached after login
2025-08-14 12:00:14 [main] INFO  LoginTest:41 - Logging out the user
2025-08-14 12:00:15 [main] INFO  LoginTest:118 - Closing the browser.
2025-08-14 12:00:15 [main] INFO  LoginTest:123 - <-----------Test Case Execution Finished------------->
2025-08-14 12:04:12 [main] INFO  RegistrationTest:47 - <-----------Test Case Execution Started------------->
2025-08-14 12:04:12 [main] INFO  ConfigReader:19 - Configuration loaded successfully.
2025-08-14 12:04:12 [main] INFO  ConfigReader:43 - Property read from config: [execution_env = local]
2025-08-14 12:04:12 [main] INFO  RegistrationTest:50 - Execution environment: local
2025-08-14 12:04:15 [main] INFO  RegistrationTest:99 - Started local WebDriver: edge
2025-08-14 12:04:15 [main] INFO  ConfigReader:43 - Property read from config: [baseURL = https://tutorialsninja.com/demo/]
2025-08-14 12:04:15 [main] INFO  RegistrationTest:113 - Navigated to: https://tutorialsninja.com/demo/
2025-08-14 12:04:15 [main] INFO  RegistrationTest:16 - *********Starting Account Registration*******
2025-08-14 12:04:15 [main] INFO  RegistrationTest:19 - Home Page Loaded
2025-08-14 12:04:15 [main] INFO  RegistrationTest:20 - Clicking on My Account link
2025-08-14 12:04:16 [main] INFO  RegistrationTest:22 - Clicking on Register link
2025-08-14 12:04:17 [main] INFO  RegistrationTest:25 - Registration Page Loaded
2025-08-14 12:04:17 [main] INFO  RegistrationTest:26 - Registering user with required details
2025-08-14 12:04:19 [main] INFO  RegistrationTest:29 - Confirmation Message: Your Account Has Been Created!
2025-08-14 12:04:19 [main] INFO  RegistrationTest:30 - Clicking on My Account to Logout
2025-08-14 12:04:20 [main] INFO  RegistrationTest:33 - Validating expected confirmation message
2025-08-14 12:04:20 [main] INFO  RegistrationTest:40 - ********* Account Registration Test Completed *********
2025-08-14 12:04:20 [main] INFO  RegistrationTest:118 - Closing the browser.
2025-08-14 12:04:20 [main] INFO  RegistrationTest:123 - <-----------Test Case Execution Finished------------->
2025-08-14 12:04:20 [main] INFO  LoginTest:47 - <-----------Test Case Execution Started------------->
2025-08-14 12:04:20 [main] INFO  ConfigReader:19 - Configuration loaded successfully.
2025-08-14 12:04:20 [main] INFO  ConfigReader:43 - Property read from config: [execution_env = local]
2025-08-14 12:04:20 [main] INFO  LoginTest:50 - Execution environment: local
2025-08-14 12:04:22 [main] INFO  LoginTest:99 - Started local WebDriver: edge
2025-08-14 12:04:22 [main] INFO  ConfigReader:43 - Property read from config: [baseURL = https://tutorialsninja.com/demo/]
2025-08-14 12:04:23 [main] INFO  LoginTest:113 - Navigated to: https://tutorialsninja.com/demo/
2025-08-14 12:04:23 [main] INFO  LoginTest:30 - ********Starting User Login Test *******
2025-08-14 12:04:23 [main] INFO  LoginTest:32 - Navigating to Login Page via My Account
2025-08-14 12:04:24 [main] INFO  LoginTest:35 - Logging in user with valid credentials
2025-08-14 12:04:24 [main] INFO  ConfigReader:43 - Property read from config: [email = abc123@gmail.com]
2025-08-14 12:04:24 [main] INFO  ConfigReader:41 - Property read from config: [password = ******]
2025-08-14 12:04:24 [main] INFO  LoginTest:39 - Asserting My Account page reached after login
2025-08-14 12:04:25 [main] INFO  LoginTest:41 - Logging out the user
2025-08-14 12:04:25 [main] INFO  LoginTest:118 - Closing the browser.
2025-08-14 12:04:26 [main] INFO  LoginTest:123 - <-----------Test Case Execution Finished------------->
2025-08-14 12:08:08 [main] INFO  RegistrationTest:47 - <-----------Test Case Execution Started------------->
2025-08-14 12:08:08 [main] INFO  ConfigReader:19 - Configuration loaded successfully.
2025-08-14 12:08:08 [main] INFO  ConfigReader:43 - Property read from config: [execution_env = local]
2025-08-14 12:08:08 [main] INFO  RegistrationTest:50 - Execution environment: local
2025-08-14 12:08:13 [main] INFO  RegistrationTest:99 - Started local WebDriver: edge
2025-08-14 12:08:13 [main] INFO  ConfigReader:43 - Property read from config: [baseURL = https://tutorialsninja.com/demo/]
2025-08-14 12:08:17 [main] INFO  RegistrationTest:113 - Navigated to: https://tutorialsninja.com/demo/
2025-08-14 12:08:17 [main] INFO  RegistrationTest:16 - *********Starting Account Registration*******
2025-08-14 12:08:18 [main] INFO  RegistrationTest:19 - Home Page Loaded
2025-08-14 12:08:18 [main] INFO  RegistrationTest:20 - Clicking on My Account link
2025-08-14 12:08:18 [main] INFO  RegistrationTest:22 - Clicking on Register link
2025-08-14 12:08:20 [main] INFO  RegistrationTest:25 - Registration Page Loaded
2025-08-14 12:08:20 [main] INFO  RegistrationTest:26 - Registering user with required details
2025-08-14 12:08:28 [main] INFO  RegistrationTest:29 - Confirmation Message: Your Account Has Been Created!
2025-08-14 12:08:28 [main] INFO  RegistrationTest:30 - Clicking on My Account to Logout
2025-08-14 12:08:29 [main] INFO  RegistrationTest:33 - Validating expected confirmation message
2025-08-14 12:08:29 [main] INFO  RegistrationTest:40 - ********* Account Registration Test Completed *********
2025-08-14 12:08:29 [main] INFO  RegistrationTest:118 - Closing the browser.
2025-08-14 12:08:30 [main] INFO  RegistrationTest:123 - <-----------Test Case Execution Finished------------->
2025-08-14 12:08:30 [main] INFO  LoginTest:47 - <-----------Test Case Execution Started------------->
2025-08-14 12:08:30 [main] INFO  ConfigReader:19 - Configuration loaded successfully.
2025-08-14 12:08:30 [main] INFO  ConfigReader:43 - Property read from config: [execution_env = local]
2025-08-14 12:08:30 [main] INFO  LoginTest:50 - Execution environment: local
2025-08-14 12:08:33 [main] INFO  LoginTest:99 - Started local WebDriver: edge
2025-08-14 12:08:33 [main] INFO  ConfigReader:43 - Property read from config: [baseURL = https://tutorialsninja.com/demo/]
2025-08-14 12:08:34 [main] INFO  LoginTest:113 - Navigated to: https://tutorialsninja.com/demo/
2025-08-14 12:08:34 [main] INFO  LoginTest:30 - ********Starting User Login Test *******
2025-08-14 12:08:34 [main] INFO  LoginTest:32 - Navigating to Login Page via My Account
2025-08-14 12:08:36 [main] INFO  LoginTest:35 - Logging in user with valid credentials
2025-08-14 12:08:36 [main] INFO  ConfigReader:43 - Property read from config: [email = abc123@gmail.com]
2025-08-14 12:08:36 [main] INFO  ConfigReader:41 - Property read from config: [password = ******]
2025-08-14 12:08:37 [main] INFO  LoginTest:39 - Asserting My Account page reached after login
2025-08-14 12:08:37 [main] INFO  LoginTest:41 - Logging out the user
2025-08-14 12:08:38 [main] INFO  LoginTest:118 - Closing the browser.
2025-08-14 12:08:38 [main] INFO  LoginTest:123 - <-----------Test Case Execution Finished------------->
2025-08-14 12:10:21 [main] INFO  RegistrationTest:47 - <-----------Test Case Execution Started------------->
2025-08-14 12:10:21 [main] INFO  ConfigReader:19 - Configuration loaded successfully.
2025-08-14 12:10:21 [main] INFO  ConfigReader:43 - Property read from config: [execution_env = local]
2025-08-14 12:10:21 [main] INFO  RegistrationTest:50 - Execution environment: local
2025-08-14 12:10:24 [main] INFO  RegistrationTest:99 - Started local WebDriver: edge
2025-08-14 12:10:24 [main] INFO  ConfigReader:43 - Property read from config: [baseURL = https://tutorialsninja.com/demo/]
2025-08-14 12:10:27 [main] INFO  RegistrationTest:113 - Navigated to: https://tutorialsninja.com/demo/
2025-08-14 12:10:27 [main] INFO  RegistrationTest:16 - *********Starting Account Registration*******
2025-08-14 12:10:27 [main] INFO  RegistrationTest:19 - Home Page Loaded
2025-08-14 12:10:27 [main] INFO  RegistrationTest:20 - Clicking on My Account link
2025-08-14 12:10:27 [main] INFO  RegistrationTest:22 - Clicking on Register link
2025-08-14 12:10:28 [main] INFO  RegistrationTest:25 - Registration Page Loaded
2025-08-14 12:10:28 [main] INFO  RegistrationTest:26 - Registering user with required details
2025-08-14 12:10:30 [main] INFO  RegistrationTest:29 - Confirmation Message: Your Account Has Been Created!
2025-08-14 12:10:30 [main] INFO  RegistrationTest:30 - Clicking on My Account to Logout
2025-08-14 12:10:30 [main] INFO  RegistrationTest:33 - Validating expected confirmation message
2025-08-14 12:10:30 [main] INFO  RegistrationTest:40 - ********* Account Registration Test Completed *********
2025-08-14 12:10:30 [main] INFO  RegistrationTest:118 - Closing the browser.
2025-08-14 12:10:31 [main] INFO  RegistrationTest:123 - <-----------Test Case Execution Finished------------->
2025-08-14 12:10:31 [main] INFO  LoginTest:47 - <-----------Test Case Execution Started------------->
2025-08-14 12:10:31 [main] INFO  ConfigReader:19 - Configuration loaded successfully.
2025-08-14 12:10:31 [main] INFO  ConfigReader:43 - Property read from config: [execution_env = local]
2025-08-14 12:10:31 [main] INFO  LoginTest:50 - Execution environment: local
2025-08-14 12:10:32 [main] INFO  LoginTest:99 - Started local WebDriver: edge
2025-08-14 12:10:33 [main] INFO  ConfigReader:43 - Property read from config: [baseURL = https://tutorialsninja.com/demo/]
2025-08-14 12:10:34 [main] INFO  LoginTest:113 - Navigated to: https://tutorialsninja.com/demo/
2025-08-14 12:10:34 [main] INFO  LoginTest:30 - ********Starting User Login Test *******
2025-08-14 12:10:34 [main] INFO  LoginTest:32 - Navigating to Login Page via My Account
2025-08-14 12:10:35 [main] INFO  LoginTest:35 - Logging in user with valid credentials
2025-08-14 12:10:35 [main] INFO  ConfigReader:43 - Property read from config: [email = abc123@gmail.com]
2025-08-14 12:10:35 [main] INFO  ConfigReader:41 - Property read from config: [password = ******]
2025-08-14 12:10:35 [main] INFO  LoginTest:39 - Asserting My Account page reached after login
2025-08-14 12:10:36 [main] INFO  LoginTest:41 - Logging out the user
2025-08-14 12:10:36 [main] INFO  LoginTest:118 - Closing the browser.
2025-08-14 12:10:37 [main] INFO  LoginTest:123 - <-----------Test Case Execution Finished------------->
2025-08-14 12:12:01 [main] INFO  RegistrationTest:47 - <-----------Test Case Execution Started------------->
2025-08-14 12:12:01 [main] INFO  ConfigReader:19 - Configuration loaded successfully.
2025-08-14 12:12:01 [main] INFO  ConfigReader:43 - Property read from config: [execution_env = local]
2025-08-14 12:12:01 [main] INFO  RegistrationTest:50 - Execution environment: local
2025-08-14 12:12:12 [main] INFO  RegistrationTest:99 - Started local WebDriver: edge
2025-08-14 12:12:12 [main] INFO  ConfigReader:43 - Property read from config: [baseURL = https://tutorialsninja.com/demo/]
2025-08-14 12:12:13 [main] INFO  RegistrationTest:113 - Navigated to: https://tutorialsninja.com/demo/
2025-08-14 12:12:13 [main] INFO  RegistrationTest:16 - *********Starting Account Registration*******
2025-08-14 12:12:13 [main] INFO  RegistrationTest:19 - Home Page Loaded
2025-08-14 12:12:13 [main] INFO  RegistrationTest:20 - Clicking on My Account link
2025-08-14 12:12:13 [main] INFO  RegistrationTest:22 - Clicking on Register link
2025-08-14 12:12:14 [main] INFO  RegistrationTest:25 - Registration Page Loaded
2025-08-14 12:12:14 [main] INFO  RegistrationTest:26 - Registering user with required details
2025-08-14 12:12:16 [main] INFO  RegistrationTest:29 - Confirmation Message: Your Account Has Been Created!
2025-08-14 12:12:16 [main] INFO  RegistrationTest:30 - Clicking on My Account to Logout
2025-08-14 12:12:16 [main] INFO  RegistrationTest:33 - Validating expected confirmation message
2025-08-14 12:12:16 [main] INFO  RegistrationTest:40 - ********* Account Registration Test Completed *********
2025-08-14 12:12:16 [main] INFO  RegistrationTest:118 - Closing the browser.
2025-08-14 12:12:17 [main] INFO  RegistrationTest:123 - <-----------Test Case Execution Finished------------->
2025-08-14 12:12:17 [main] INFO  LoginTest:47 - <-----------Test Case Execution Started------------->
2025-08-14 12:12:17 [main] INFO  ConfigReader:19 - Configuration loaded successfully.
2025-08-14 12:12:17 [main] INFO  ConfigReader:43 - Property read from config: [execution_env = local]
2025-08-14 12:12:17 [main] INFO  LoginTest:50 - Execution environment: local
2025-08-14 12:12:18 [main] INFO  LoginTest:99 - Started local WebDriver: edge
2025-08-14 12:12:19 [main] INFO  ConfigReader:43 - Property read from config: [baseURL = https://tutorialsninja.com/demo/]
2025-08-14 12:12:20 [main] INFO  LoginTest:113 - Navigated to: https://tutorialsninja.com/demo/
2025-08-14 12:12:20 [main] INFO  LoginTest:30 - ********Starting User Login Test *******
2025-08-14 12:12:20 [main] INFO  LoginTest:32 - Navigating to Login Page via My Account
2025-08-14 12:12:21 [main] INFO  LoginTest:35 - Logging in user with valid credentials
2025-08-14 12:12:21 [main] INFO  ConfigReader:43 - Property read from config: [email = abc123@gmail.com]
2025-08-14 12:12:21 [main] INFO  ConfigReader:41 - Property read from config: [password = ******]
2025-08-14 12:12:22 [main] INFO  LoginTest:39 - Asserting My Account page reached after login
2025-08-14 12:12:22 [main] INFO  LoginTest:41 - Logging out the user
2025-08-14 12:12:23 [main] INFO  LoginTest:118 - Closing the browser.
2025-08-14 12:12:23 [main] INFO  LoginTest:123 - <-----------Test Case Execution Finished------------->
